

Microchip Technology PIC18 LITE Macro Assembler V1.41 build -162212810 
                                                                                               Sun Aug 26 22:31:50 2018

Microchip Technology Omniscient Code Generator v1.41 (Free mode) build 201701250102
     1                           	processor	18F4520
     2                           	fnconf	rparam,??,?,0
     3                           	opt	pw 120
     4                           	opt	lm
     5                           	psect	idataCOMRAM,global,class=CODE,delta=1,noexec
     6                           	psect	cinit,global,reloc=2,class=CODE,delta=1
     7                           	psect	dataCOMRAM,global,class=COMRAM,space=1,delta=1,noexec
     8                           	psect	cstackCOMRAM,global,class=COMRAM,space=1,delta=1,noexec
     9                           	psect	text0,global,reloc=2,class=CODE,delta=1
    10                           	psect	intsave_regs,global,class=BIGRAM,space=1,delta=1,noexec
    11                           	psect	rparam,global,class=COMRAM,space=1,delta=1,noexec
    12  0000                     
    13                           ; Version 1.41
    14                           ; Generated 25/01/2017 GMT
    15                           ; 
    16                           ; Copyright © 2017, Microchip Technology Inc. and its subsidiaries ("Microchip")
    17                           ; All rights reserved.
    18                           ; 
    19                           ; This software is developed by Microchip Technology Inc. and its subsidiaries ("Microch
      +                          ip").
    20                           ; 
    21                           ; Redistribution and use in source and binary forms, with or without modification, are
    22                           ; permitted provided that the following conditions are met:
    23                           ; 
    24                           ;     1. Redistributions of source code must retain the above copyright notice, this lis
      +                          t of
    25                           ;        conditions and the following disclaimer.
    26                           ; 
    27                           ;     2. Redistributions in binary form must reproduce the above copyright notice, this 
      +                          list
    28                           ;        of conditions and the following disclaimer in the documentation and/or other
    29                           ;        materials provided with the distribution.
    30                           ; 
    31                           ;     3. Microchip's name may not be used to endorse or promote products derived from th
      +                          is
    32                           ;        software without specific prior written permission.
    33                           ; 
    34                           ; THIS SOFTWARE IS PROVIDED BY MICROCHIP "AS IS" AND ANY EXPRESS OR IMPLIED WARRANTIES,
    35                           ; INCLUDING, BUT NOT LIMITED TO, THE IMPLIED WARRANTIES OF MERCHANTABILITY AND FITNESS F
      +                          OR
    36                           ; PURPOSE ARE DISCLAIMED.  IN NO EVENT SHALL MICROCHIP BE LIABLE FOR ANY DIRECT, INDIREC
      +                          T,
    37                           ; INCIDENTAL, SPECIAL, EXEMPLARY, OR CONSEQUENTIAL DAMAGES (INCLUDING BUT NOT LIMITED TO
    38                           ; PROCUREMENT OF SUBSTITUTE GOODS OR SERVICES; LOSS OF USE, DATA OR PROFITS; OR BUSINESS
    39                           ; INTERRUPTION) HOWSOEVER CAUSED AND ON ANY THEORY OF LIABILITY, WHETHER IN CONTRACT, ST
      +                          RICT
    40                           ; LIABILITY, OR TORT (INCLUDING NEGLIGENCE OR OTHERWISE) ARISING IN ANY WAY OUT OF THE U
      +                          SE OF
    41                           ; THIS SOFTWARE, EVEN IF ADVISED OF THE POSSIBILITY OF SUCH DAMAGE.
    42                           ; 
    43                           ; 
    44                           ; Code-generator required, PIC18F4520 Definitions
    45                           ; 
    46                           ; SFR Addresses
    47  0000                     
    48                           	psect	idataCOMRAM
    49  007FAB                     __pidataCOMRAM:
    50                           	opt stack 0
    51                           
    52                           ;initializer for _run
    53  007FAB  01                 	db	1
    54  0000                     _LATB	set	3978
    55  0000                     _TRISB	set	3987
    56                           
    57                           ; #config settings
    58  0000                     
    59                           	psect	cinit
    60  007FAC                     __pcinit:
    61                           	opt stack 0
    62  007FAC                     start_initialization:
    63                           	opt stack 0
    64  007FAC                     __initialization:
    65                           	opt stack 0
    66                           
    67                           ; Initialize objects allocated to COMRAM (1 bytes)
    68                           ; load TBLPTR registers with __pidataCOMRAM
    69  007FAC  0EAB               	movlw	low __pidataCOMRAM
    70  007FAE  6EF6               	movwf	tblptrl,c
    71  007FB0  0E7F               	movlw	high __pidataCOMRAM
    72  007FB2  6EF7               	movwf	tblptrh,c
    73  007FB4  0E00               	movlw	low (__pidataCOMRAM shr (0+16))
    74  007FB6  6EF8               	movwf	tblptru,c
    75  007FB8  0009               	tblrd		*+	;fetch initializer
    76  007FBA  CFF5 F001          	movff	tablat,__pdataCOMRAM
    77  007FBE                     end_of_initialization:
    78                           	opt stack 0
    79  007FBE                     __end_of__initialization:
    80                           	opt stack 0
    81  007FBE  0100               	movlb	0
    82  007FC0  EFE2  F03F         	goto	_main	;jump to C main() function
    83                           tblptru	equ	0xFF8
    84                           tblptrh	equ	0xFF7
    85                           tblptrl	equ	0xFF6
    86                           tablat	equ	0xFF5
    87                           
    88                           	psect	dataCOMRAM
    89  000001                     __pdataCOMRAM:
    90                           	opt stack 0
    91  000001                     _run:
    92                           	opt stack 0
    93  000001                     	ds	1
    94                           tblptru	equ	0xFF8
    95                           tblptrh	equ	0xFF7
    96                           tblptrl	equ	0xFF6
    97                           tablat	equ	0xFF5
    98                           
    99                           	psect	cstackCOMRAM
   100  000002                     __pcstackCOMRAM:
   101                           	opt stack 0
   102  000002                     ??_main:
   103                           
   104                           ; 1 bytes @ 0x0
   105  000002                     	ds	1
   106                           tblptru	equ	0xFF8
   107                           tblptrh	equ	0xFF7
   108                           tblptrl	equ	0xFF6
   109                           tablat	equ	0xFF5
   110                           
   111 ;;
   112 ;;Main: autosize = 0, tempsize = 1, incstack = 0, save=0
   113 ;;
   114 ;; *************** function _main *****************
   115 ;; Defined at:
   116 ;;		line 8 in file "main.c"
   117 ;; Parameters:    Size  Location     Type
   118 ;;		None
   119 ;; Auto vars:     Size  Location     Type
   120 ;;		None
   121 ;; Return value:  Size  Location     Type
   122 ;;                  1    wreg      void 
   123 ;; Registers used:
   124 ;;		wreg, status,2, status,0, prodl, prodh
   125 ;; Tracked objects:
   126 ;;		On entry : 0/0
   127 ;;		On exit  : 0/0
   128 ;;		Unchanged: 0/0
   129 ;; Data sizes:     COMRAM   BANK0   BANK1   BANK2   BANK3   BANK4   BANK5
   130 ;;      Params:         0       0       0       0       0       0       0
   131 ;;      Locals:         0       0       0       0       0       0       0
   132 ;;      Temps:          1       0       0       0       0       0       0
   133 ;;      Totals:         1       0       0       0       0       0       0
   134 ;;Total ram usage:        1 bytes
   135 ;; This function calls:
   136 ;;		Nothing
   137 ;; This function is called by:
   138 ;;		Startup code after reset
   139 ;; This function uses a non-reentrant model
   140 ;;
   141                           
   142                           	psect	text0
   143  007FC4                     __ptext0:
   144                           	opt stack 0
   145  007FC4                     _main:
   146                           	opt stack 31
   147                           
   148                           ;main.c: 9: TRISB=0;
   149                           
   150                           ;incstack = 0
   151  007FC4  0E00               	movlw	0
   152  007FC6  6E93               	movwf	3987,c	;volatile
   153  007FC8                     l11:
   154                           
   155                           ;main.c: 12: LATB=0;
   156  007FC8  0E00               	movlw	0
   157  007FCA  6E8A               	movwf	3978,c	;volatile
   158                           
   159                           ;main.c: 13: _delay((unsigned long)((250)*(1000000/4000.0)));
   160  007FCC  0E52               	movlw	82
   161  007FCE  6E02               	movwf	??_main& (0+255),c
   162  007FD0  0E2A               	movlw	42
   163  007FD2                     u27:
   164  007FD2  2EE8               	decfsz	wreg,f,c
   165  007FD4  D7FE               	bra	u27
   166  007FD6  2E02               	decfsz	??_main& (0+255),f,c
   167  007FD8  D7FC               	bra	u27
   168                           
   169                           ;main.c: 14: LATB=run;
   170  007FDA  C001  FF8A         	movff	_run,3978	;volatile
   171                           
   172                           ;main.c: 15: _delay((unsigned long)((250)*(1000000/4000.0)));
   173  007FDE  0E52               	movlw	82
   174  007FE0  6E02               	movwf	??_main& (0+255),c
   175  007FE2  0E2A               	movlw	42
   176  007FE4                     u37:
   177  007FE4  2EE8               	decfsz	wreg,f,c
   178  007FE6  D7FE               	bra	u37
   179  007FE8  2E02               	decfsz	??_main& (0+255),f,c
   180  007FEA  D7FC               	bra	u37
   181                           
   182                           ;main.c: 17: if(run >= 0x80){
   183  007FEC  0E7F               	movlw	127
   184  007FEE  6401               	cpfsgt	_run,c
   185  007FF0  D002               	goto	l626
   186                           
   187                           ;main.c: 18: run = 1;
   188  007FF2  0E01               	movlw	1
   189  007FF4  D003               	goto	L1
   190  007FF6                     l626:
   191                           
   192                           ;main.c: 20: run *= 2;
   193  007FF6  0E02               	movlw	2
   194  007FF8  0201               	mulwf	_run,c
   195  007FFA  50F3               	movf	prodl,w,c
   196  007FFC                     L1:
   197  007FFC  6E01               	movwf	_run,c
   198  007FFE  D7E4               	goto	l11
   199  008000                     __end_of_main:
   200                           	opt stack 0
   201  0000                     tblptru	equ	0xFF8
   202                           tblptrh	equ	0xFF7
   203                           tblptrl	equ	0xFF6
   204                           tablat	equ	0xFF5
   205                           prodl	equ	0xFF3
   206                           wreg	equ	0xFE8
   207                           tblptru	equ	0xFF8
   208                           tblptrh	equ	0xFF7
   209                           tblptrl	equ	0xFF6
   210                           tablat	equ	0xFF5
   211                           prodl	equ	0xFF3
   212                           wreg	equ	0xFE8
   213                           
   214                           	psect	rparam
   215  0000                     tblptru	equ	0xFF8
   216                           tblptrh	equ	0xFF7
   217                           tblptrl	equ	0xFF6
   218                           tablat	equ	0xFF5
   219                           prodl	equ	0xFF3
   220                           wreg	equ	0xFE8


Data Sizes:
    Strings     0
    Constant    0
    Data        1
    BSS         0
    Persistent  0
    Stack       0

Auto Spaces:
    Space          Size  Autos    Used
    COMRAM          127      1       2
    BANK0           128      0       0
    BANK1           256      0       0
    BANK2           256      0       0
    BANK3           256      0       0
    BANK4           256      0       0
    BANK5           256      0       0

Pointer List with Targets:

    None.

Critical Paths under _main in COMRAM

    None.

Critical Paths under _main in BANK0

    None.

Critical Paths under _main in BANK1

    None.

Critical Paths under _main in BANK2

    None.

Critical Paths under _main in BANK3

    None.

Critical Paths under _main in BANK4

    None.

Critical Paths under _main in BANK5

    None.

Call Graph Tables:

 ---------------------------------------------------------------------------------
 (Depth) Function   	        Calls       Base Space   Used Autos Params    Refs
 ---------------------------------------------------------------------------------
 (0) _main                                                 1     1      0       0
                                              0 COMRAM     1     1      0
 ---------------------------------------------------------------------------------
 Estimated maximum stack depth 0
 ---------------------------------------------------------------------------------

 Call Graph Graphs:

 _main (ROOT)

 Address spaces:
Name               Size   Autos  Total    Cost      Usage
BIGRAM             5FF      0       0      17        0.0%
EEDATA             100      0       0       0        0.0%
BITBANK5           100      0       0      16        0.0%
BANK5              100      0       0      14        0.0%
BITBANK4           100      0       0      12        0.0%
BANK4              100      0       0      13        0.0%
BITBANK3           100      0       0      10        0.0%
BANK3              100      0       0      11        0.0%
BITBANK2           100      0       0       8        0.0%
BANK2              100      0       0       9        0.0%
BITBANK1           100      0       0       6        0.0%
BANK1              100      0       0       7        0.0%
BITBANK0            80      0       0       4        0.0%
BANK0               80      0       0       5        0.0%
BITCOMRAM           7F      0       0       0        0.0%
COMRAM              7F      1       2       1        1.6%
BITSFR               0      0       0     200        0.0%
SFR                  0      0       0     200        0.0%
STACK                0      0       0       2        0.0%
NULL                 0      0       0       0        0.0%
ABS                  0      0       2      15        0.0%
DATA                 0      0       2       3        0.0%
CODE                 0      0       0       0        0.0%


Microchip Technology PIC18 Macro Assembler V1.41 build -162212810 
Symbol Table                                                                                   Sun Aug 26 22:31:50 2018

                     l11 7FC8                       u27 7FD2                       u37 7FE4  
            __CFG_BORV$3 000000             __CFG_CP0$OFF 000000             __CFG_CP1$OFF 000000  
           __CFG_CP2$OFF 000000             __CFG_CP3$OFF 000000              __CFG_LVP$ON 000000  
                    l626 7FF6             __CFG_CPB$OFF 000000             __CFG_CPD$OFF 000000  
                    _run 0001                      wreg 000FE8             __CFG_WDT$OFF 000000  
                   _LATB 000F8A                     _main 7FC4                     prodl 000FF3  
                   start 0000            __CFG_IESO$OFF 000000            __CFG_MCLRE$ON 000000  
           ___param_bank 000000                    ?_main 0002                    _TRISB 000F93  
          __CFG_PWRT$OFF 000000            __CFG_WRT0$OFF 000000            __CFG_WRT1$OFF 000000  
          __CFG_WRT2$OFF 000000            __CFG_WRT3$OFF 000000           __CFG_EBTR0$OFF 000000  
         __CFG_FCMEN$OFF 000000           __CFG_EBTR1$OFF 000000           __CFG_EBTR2$OFF 000000  
         __CFG_EBTR3$OFF 000000            __CFG_WRTB$OFF 000000            __CFG_WRTC$OFF 000000  
          __CFG_WRTD$OFF 000000           __CFG_EBTRB$OFF 000000           __CFG_BOREN$OFF 000000  
                  tablat 000FF5          __initialization 7FAC             __end_of_main 8000  
                 ??_main 0002            __activetblptr 000000           __CFG_XINST$OFF 000000  
         __CFG_STVREN$ON 000000             __pdataCOMRAM 0001                   tblptrh 000FF7  
                 tblptrl 000FF6                   tblptru 000FF8               __accesstop 0080  
__end_of__initialization 7FBE          __CFG_PBADEN$OFF 000000            ___rparam_used 000001  
         __pcstackCOMRAM 0002                  __Hparam 0000                  __Lparam 0000  
                __pcinit 7FAC                  __ramtop 0600                  __ptext0 7FC4  
   end_of_initialization 7FBE            __pidataCOMRAM 7FAB      start_initialization 7FAC  
       __CFG_OSC$INTIO67 000000         __CFG_LPT1OSC$OFF 000000        __CFG_CCP2MX$PORTC 000000  
       __CFG_WDTPS$32768 000000                 __Hrparam 0000                 __Lrparam 0000  
          __size_of_main 003C  
